[2021-06-29 14:26:09,431] {taskinstance.py:876} INFO - Dependencies all met for <TaskInstance: open_aq.process_data 2021-06-29T14:13:06.368401+00:00 [queued]>
[2021-06-29 14:26:09,460] {taskinstance.py:876} INFO - Dependencies all met for <TaskInstance: open_aq.process_data 2021-06-29T14:13:06.368401+00:00 [queued]>
[2021-06-29 14:26:09,460] {taskinstance.py:1067} INFO - 
--------------------------------------------------------------------------------
[2021-06-29 14:26:09,460] {taskinstance.py:1068} INFO - Starting attempt 6 of 6
[2021-06-29 14:26:09,461] {taskinstance.py:1069} INFO - 
--------------------------------------------------------------------------------
[2021-06-29 14:26:09,473] {taskinstance.py:1087} INFO - Executing <Task(PythonOperator): process_data> on 2021-06-29T14:13:06.368401+00:00
[2021-06-29 14:26:09,479] {standard_task_runner.py:52} INFO - Started process 22473 to run task
[2021-06-29 14:26:09,490] {standard_task_runner.py:76} INFO - Running: ['airflow', 'tasks', 'run', 'open_aq', 'process_data', '2021-06-29T14:13:06.368401+00:00', '--job-id', '598', '--pool', 'default_pool', '--raw', '--subdir', 'DAGS_FOLDER/open_aq.py', '--cfg-path', '/tmp/tmp44_xl_0t', '--error-file', '/tmp/tmpchx_cz0h']
[2021-06-29 14:26:09,493] {standard_task_runner.py:77} INFO - Job 598: Subtask process_data
[2021-06-29 14:26:09,580] {logging_mixin.py:104} INFO - Running <TaskInstance: open_aq.process_data 2021-06-29T14:13:06.368401+00:00 [running]> on host airflowvm
[2021-06-29 14:26:09,713] {taskinstance.py:1280} INFO - Exporting the following env vars:
AIRFLOW_CTX_DAG_OWNER=airflow
AIRFLOW_CTX_DAG_ID=open_aq
AIRFLOW_CTX_TASK_ID=process_data
AIRFLOW_CTX_EXECUTION_DATE=2021-06-29T14:13:06.368401+00:00
AIRFLOW_CTX_DAG_RUN_ID=manual__2021-06-29T14:13:06.368401+00:00
[2021-06-29 14:26:09,755] {taskinstance.py:1481} ERROR - Task failed with exception
Traceback (most recent call last):
  File "/home/airflow/sandbox/lib/python3.8/site-packages/airflow/models/taskinstance.py", line 1137, in _run_raw_task
    self._prepare_and_execute_task_with_callbacks(context, task)
  File "/home/airflow/sandbox/lib/python3.8/site-packages/airflow/models/taskinstance.py", line 1311, in _prepare_and_execute_task_with_callbacks
    result = self._execute_task(context, task_copy)
  File "/home/airflow/sandbox/lib/python3.8/site-packages/airflow/models/taskinstance.py", line 1341, in _execute_task
    result = task_copy.execute(context=context)
  File "/home/airflow/sandbox/lib/python3.8/site-packages/airflow/operators/python.py", line 150, in execute
    return_value = self.execute_callable()
  File "/home/airflow/sandbox/lib/python3.8/site-packages/airflow/operators/python.py", line 161, in execute_callable
    return self.python_callable(*self.op_args, **self.op_kwargs)
  File "/home/airflow/airflow/dags/open_aq.py", line 28, in _process_data
    data = json.loads(data)
  File "/usr/lib/python3.8/json/__init__.py", line 357, in loads
    return _default_decoder.decode(s)
  File "/usr/lib/python3.8/json/decoder.py", line 337, in decode
    obj, end = self.raw_decode(s, idx=_w(s, 0).end())
  File "/usr/lib/python3.8/json/decoder.py", line 353, in raw_decode
    obj, end = self.scan_once(s, idx)
json.decoder.JSONDecodeError: Expecting property name enclosed in double quotes: line 1 column 2 (char 1)
[2021-06-29 14:26:09,761] {taskinstance.py:1524} INFO - Marking task as FAILED. dag_id=open_aq, task_id=process_data, execution_date=20210629T141306, start_date=20210629T142609, end_date=20210629T142609
[2021-06-29 14:26:09,823] {local_task_job.py:151} INFO - Task exited with return code 1
