[2021-06-30 14:49:57,576] {taskinstance.py:876} INFO - Dependencies all met for <TaskInstance: user_processing_v2.extracting_user_1 2021-06-30T14:29:12.044488+00:00 [queued]>
[2021-06-30 14:49:57,757] {taskinstance.py:876} INFO - Dependencies all met for <TaskInstance: user_processing_v2.extracting_user_1 2021-06-30T14:29:12.044488+00:00 [queued]>
[2021-06-30 14:49:57,759] {taskinstance.py:1067} INFO - 
--------------------------------------------------------------------------------
[2021-06-30 14:49:57,759] {taskinstance.py:1068} INFO - Starting attempt 2 of 2
[2021-06-30 14:49:57,759] {taskinstance.py:1069} INFO - 
--------------------------------------------------------------------------------
[2021-06-30 14:49:57,854] {taskinstance.py:1087} INFO - Executing <Task(SimpleHttpOperator): extracting_user_1> on 2021-06-30T14:29:12.044488+00:00
[2021-06-30 14:49:57,893] {standard_task_runner.py:52} INFO - Started process 7204 to run task
[2021-06-30 14:49:57,930] {standard_task_runner.py:76} INFO - Running: ['airflow', 'tasks', 'run', 'user_processing_v2', 'extracting_user_1', '2021-06-30T14:29:12.044488+00:00', '--job-id', '855', '--pool', 'default_pool', '--raw', '--subdir', 'DAGS_FOLDER/user_processing_v2.py', '--cfg-path', '/tmp/tmp7etbqv0d', '--error-file', '/tmp/tmpen3d8fo1']
[2021-06-30 14:49:57,947] {standard_task_runner.py:77} INFO - Job 855: Subtask extracting_user_1
[2021-06-30 14:49:58,478] {logging_mixin.py:104} INFO - Running <TaskInstance: user_processing_v2.extracting_user_1 2021-06-30T14:29:12.044488+00:00 [running]> on host airflowvm
[2021-06-30 14:49:59,112] {taskinstance.py:1280} INFO - Exporting the following env vars:
AIRFLOW_CTX_DAG_OWNER=airflow
AIRFLOW_CTX_DAG_ID=user_processing_v2
AIRFLOW_CTX_TASK_ID=extracting_user_1
AIRFLOW_CTX_EXECUTION_DATE=2021-06-30T14:29:12.044488+00:00
AIRFLOW_CTX_DAG_RUN_ID=manual__2021-06-30T14:29:12.044488+00:00
[2021-06-30 14:49:59,126] {http.py:111} INFO - Calling HTTP method
[2021-06-30 14:49:59,236] {base.py:69} INFO - Using connection to: id: user_api. Host: https://randomuser.me/, Port: None, Schema: , Login: , Password: None, extra: {}
[2021-06-30 14:49:59,251] {http.py:140} INFO - Sending 'GET' to url: https://randomuser.me/api/
[2021-06-30 14:49:59,630] {http.py:154} ERROR - HTTP error: Service Temporarily Unavailable
[2021-06-30 14:49:59,631] {http.py:155} ERROR - <html>
<head>
<title>Uh oh, something bad happened</title>
</head>
<body align='center'>
<h1 align='center'>Uh oh, something bad happened</h1>
<a class="twitter-timeline" data-width="450" data-height="700" data-theme="light" href="https://twitter.com/randomapi">Tweets by randomapi</a> <script async src="//platform.twitter.com/widgets.js" charset="utf-8"></script>
</body>
</html>

[2021-06-30 14:49:59,716] {taskinstance.py:1481} ERROR - Task failed with exception
Traceback (most recent call last):
  File "/home/airflow/sandbox/lib/python3.8/site-packages/airflow/providers/http/hooks/http.py", line 152, in check_response
    response.raise_for_status()
  File "/home/airflow/sandbox/lib/python3.8/site-packages/requests/models.py", line 943, in raise_for_status
    raise HTTPError(http_error_msg, response=self)
requests.exceptions.HTTPError: 503 Server Error: Service Temporarily Unavailable for url: https://randomuser.me/api/

During handling of the above exception, another exception occurred:

Traceback (most recent call last):
  File "/home/airflow/sandbox/lib/python3.8/site-packages/airflow/models/taskinstance.py", line 1137, in _run_raw_task
    self._prepare_and_execute_task_with_callbacks(context, task)
  File "/home/airflow/sandbox/lib/python3.8/site-packages/airflow/models/taskinstance.py", line 1311, in _prepare_and_execute_task_with_callbacks
    result = self._execute_task(context, task_copy)
  File "/home/airflow/sandbox/lib/python3.8/site-packages/airflow/models/taskinstance.py", line 1341, in _execute_task
    result = task_copy.execute(context=context)
  File "/home/airflow/sandbox/lib/python3.8/site-packages/airflow/providers/http/operators/http.py", line 113, in execute
    response = http.run(self.endpoint, self.data, self.headers, self.extra_options)
  File "/home/airflow/sandbox/lib/python3.8/site-packages/airflow/providers/http/hooks/http.py", line 141, in run
    return self.run_and_check(session, prepped_request, extra_options)
  File "/home/airflow/sandbox/lib/python3.8/site-packages/airflow/providers/http/hooks/http.py", line 198, in run_and_check
    self.check_response(response)
  File "/home/airflow/sandbox/lib/python3.8/site-packages/airflow/providers/http/hooks/http.py", line 156, in check_response
    raise AirflowException(str(response.status_code) + ":" + response.reason)
airflow.exceptions.AirflowException: 503:Service Temporarily Unavailable
[2021-06-30 14:49:59,729] {taskinstance.py:1524} INFO - Marking task as FAILED. dag_id=user_processing_v2, task_id=extracting_user_1, execution_date=20210630T142912, start_date=20210630T144957, end_date=20210630T144959
[2021-06-30 14:50:00,080] {local_task_job.py:151} INFO - Task exited with return code 1
